SF:lib/core/data/lecture_repository_impl.dart
DA:25,1
DA:29,1
DA:30,2
DA:32,1
DA:33,2
DA:34,2
DA:35,2
DA:41,1
DA:42,1
DA:44,4
DA:45,1
DA:46,1
DA:49,1
DA:50,1
DA:51,6
DA:54,1
DA:55,1
DA:56,3
DA:57,1
DA:58,1
DA:60,1
DA:71,1
DA:72,2
DA:73,2
DA:77,1
DA:78,2
DA:79,1
DA:80,2
DA:81,1
DA:82,2
DA:83,1
DA:84,2
DA:85,1
DA:86,2
DA:91,1
DA:96,1
DA:98,4
DA:100,2
DA:101,3
DA:103,2
DA:104,1
DA:108,4
DA:109,1
DA:112,4
DA:113,2
DA:114,2
DA:115,1
DA:116,2
DA:117,3
DA:122,4
LF:50
LH:50
end_of_record
SF:lib/core/domain/lecture.dart
DA:7,1
LF:1
LH:1
end_of_record
