SF:lib/core/data/lecture_repository_impl.dart
DA:25,1
DA:29,1
DA:30,2
DA:32,1
DA:33,2
DA:34,2
DA:35,2
DA:41,1
DA:42,1
DA:44,4
DA:45,1
DA:46,1
DA:49,1
DA:50,1
DA:51,6
DA:54,1
DA:55,1
DA:56,3
DA:57,1
DA:58,1
DA:59,1
DA:61,1
DA:63,1
DA:64,1
DA:66,1
DA:77,1
DA:78,2
DA:79,2
DA:83,1
DA:85,2
DA:86,2
DA:90,1
DA:91,2
DA:92,1
DA:93,2
DA:94,1
DA:95,2
DA:96,1
DA:97,2
DA:98,1
DA:99,2
DA:104,1
DA:109,1
DA:111,4
DA:113,2
DA:114,3
DA:116,2
DA:117,1
DA:121,4
DA:122,1
DA:125,4
DA:126,2
DA:127,2
DA:128,1
DA:129,2
DA:130,3
DA:135,4
LF:57
LH:57
end_of_record
SF:lib/core/domain/lecture.dart
DA:9,1
LF:1
LH:1
end_of_record
